2025-03-12 11:28:48[ERROR] Formatter 'rustfmt' error: error: expected one of `:` or `|`, found `)`
 --> <stdin>:4:24
  |
4 |     fn sort<T>(&mut [T]) where T: Ord;
  |                        ^ expected one of `:` or `|`
  |
  = note: anonymous parameters are removed in the 2018 edition (see RFC 1685)
help: explicitly ignore the parameter name
  |
4 |     fn sort<T>(_: &mut [T]) where T: Ord;
  |                ++


2025-03-12 11:31:11[ERROR] Formatter 'rustfmt' error: error: expected item, found `;`
 --> <stdin>:9:56
  |
9 | fn sort<T, S>(slice: &mut T) where T: Ord, S: Sorter {};
  |                                                        ^
  |
  = help: function declarations are not followed by a semicolon
help: remove this semicolon
  |
9 - fn sort<T, S>(slice: &mut T) where T: Ord, S: Sorter {};
9 + fn sort<T, S>(slice: &mut T) where T: Ord, S: Sorter {}
  |


2025-03-12 11:36:22[ERROR] Formatter 'rustfmt' error: error: expected one of `!` or `::`, found `Sorter`
  --> <stdin>:21:11
   |
21 |     imple Sorter for StdSorter {
   |           ^^^^^^ expected one of `!` or `::`
   |
help: there is a keyword `impl` with a similar name
   |
21 |     impl Sorter for StdSorter {
   |     ~~~~


2025-03-12 11:36:24[ERROR] Formatter 'rustfmt' error: error: expected one of `!` or `::`, found `Sorter`
  --> <stdin>:21:11
   |
21 |     imple Sorter for StdSorter {
   |           ^^^^^^ expected one of `!` or `::`
   |
help: there is a keyword `impl` with a similar name
   |
21 |     impl Sorter for StdSorter {
   |     ~~~~


2025-03-12 11:36:25[ERROR] Formatter 'rustfmt' error: error: expected one of `!` or `::`, found `Sorter`
  --> <stdin>:21:11
   |
21 |     imple Sorter for StdSorter {
   |           ^^^^^^ expected one of `!` or `::`
   |
help: there is a keyword `impl` with a similar name
   |
21 |     impl Sorter for StdSorter {
   |     ~~~~


2025-03-12 11:36:26[ERROR] Formatter 'rustfmt' error: error: expected one of `!` or `::`, found `Sorter`
  --> <stdin>:21:11
   |
21 |     imple Sorter for StdSorter {
   |           ^^^^^^ expected one of `!` or `::`
   |
help: there is a keyword `impl` with a similar name
   |
21 |     impl Sorter for StdSorter {
   |     ~~~~


2025-03-12 11:36:30[ERROR] Formatter 'rustfmt' error: error: expected one of `!` or `::`, found `Sorter`
  --> <stdin>:21:11
   |
21 |     imple Sorter for StdSorter {
   |           ^^^^^^ expected one of `!` or `::`
   |
help: there is a keyword `impl` with a similar name
   |
21 |     impl Sorter for StdSorter {
   |     ~~~~


2025-03-16 18:18:17[ERROR] Formatter 'rustfmt' error: error: expected item, found `;`
 --> <stdin>:5:2
  |
5 | };
  |  ^
  |
  = help: braced struct declarations are not followed by a semicolon
help: remove this semicolon
  |
5 - };
5 + }
  |


2025-03-16 18:18:34[ERROR] Formatter 'rustfmt' error: error: expected item, found `;`
 --> <stdin>:4:2
  |
4 | };
  |  ^
  |
  = help: braced struct declarations are not followed by a semicolon
help: remove this semicolon
  |
4 - };
4 + }
  |


2025-03-16 18:19:44[ERROR] Formatter 'rustfmt' error: error: expected item, found `;`
 --> <stdin>:4:2
  |
4 | };
  |  ^
  |
  = help: braced struct declarations are not followed by a semicolon
help: remove this semicolon
  |
4 - };
4 + }
  |


2025-03-16 18:19:47[ERROR] Formatter 'rustfmt' error: error: expected item, found `;`
 --> <stdin>:4:2
  |
4 | };
  |  ^
  |
  = help: braced struct declarations are not followed by a semicolon
help: remove this semicolon
  |
4 - };
4 + }
  |


2025-03-16 18:21:31[ERROR] Formatter 'rustfmt' error: error: mismatched closing delimiter: `}`
  --> <stdin>:10:24
   |
8  |         Self {
   |              - closing delimiter possibly meant for this
9  |             stride: columns,
10 |             cells: vec![,
   |                        ^ unclosed delimiter
11 |         }
   |         ^ mismatched closing delimiter


2025-03-16 18:22:21[ERROR] Formatter 'rustfmt' error: error: mismatched closing delimiter: `]`
  --> <stdin>:10:42
   |
10 |             cells: vec![b' '; usize::from(rows * columns].into_boxed_slice(),
   |                        -                 ^              ^ mismatched closing delimiter
   |                        |                 |
   |                        |                 unclosed delimiter
   |                        closing delimiter possibly meant for this


2025-03-16 18:29:15[ERROR] Formatter 'rustfmt' error: error: mismatched closing delimiter: `}`
  --> <stdin>:23:27
   |
22 |     pub fn row(&mut self, row: usize) -> Option<&mut [u8]> {
   |                                                            - closing delimiter possibly meant for this
23 |         self.cells.get_mut((row * stride)..(row * (stride +1));
   |                           ^ unclosed delimiter
24 |     }
   |     ^ mismatched closing delimiter


2025-03-16 18:52:02[ERROR] Formatter 'rustfmt' error: error: expected `{`, found `}`
  --> <stdin>:48:1
   |
47 |     while stdin.read_line(&mut line).is_ok()
   |     ----- ---------------------------------- this `while` condition successfully parsed
   |     |
   |     while parsing the body of this `while` expression
48 | }
   | ^ expected `{`


2025-03-16 19:01:10[ERROR] Formatter 'rustfmt' error: error: expected one of `.`, `?`, `{`, or an operator, found `)`
  --> <stdin>:54:100
   |
54 |             let (next_num, remainder) = line.split_once(|c| !match!(c, '0'..'9' | '-' | '+' | '.' ))
   |                                                         ---  -----                                 ^ expected one of `.`, `?`, `{`, or an operator
   |                                                         |    |
   |                                                         |    while parsing this `match` expression
   |                                                         while parsing the body of this closure
   |
help: you might have meant to open the body of the closure
   |
54 |             let (next_num, remainder) = line.split_once(|c| { !match!(c, '0'..'9' | '-' | '+' | '.' )})
   |                                                             +                                        +

error: expected `;`, found `}`
  --> <stdin>:54:101
   |
54 |             let (next_num, remainder) = line.split_once(|c| !match!(c, '0'..'9' | '-' | '+' | '.' ))
   |                                                                                                     ^ help: add `;` here
55 |         }
   |         - unexpected token


2025-03-16 19:01:24[ERROR] Formatter 'rustfmt' error: error: expected one of `.`, `?`, `{`, or an operator, found `)`
  --> <stdin>:54:100
   |
54 |             let (next_num, remainder) = line.split_once(|c| !match!(c, '0'..'9' | '-' | '+' | '.' )).unwrap_or((line, ""));
   |                                                         ---  -----                                 ^ expected one of `.`, `?`, `{`, or an operator
   |                                                         |    |
   |                                                         |    while parsing this `match` expression
   |                                                         while parsing the body of this closure
   |
help: you might have meant to open the body of the closure
   |
54 |             let (next_num, remainder) = line.split_once(|c| { !match!(c, '0'..'9' | '-' | '+' | '.' )}).unwrap_or((line, ""));
   |                                                             +                                        +


2025-03-16 19:01:33[ERROR] Formatter 'rustfmt' error: error: expected one of `.`, `?`, `{`, or an operator, found `)`
  --> <stdin>:54:100
   |
54 |             let (next_num, remainder) = line.split_once(|c| !match!(c, '0'..'9' | '-' | '+' | '.' )).unwrap_or((line, ""));
   |                                                         ---  -----                                 ^ expected one of `.`, `?`, `{`, or an operator
   |                                                         |    |
   |                                                         |    while parsing this `match` expression
   |                                                         while parsing the body of this closure
   |
help: you might have meant to open the body of the closure
   |
54 |             let (next_num, remainder) = line.split_once(|c| { !match!(c, '0'..'9' | '-' | '+' | '.' )}).unwrap_or((line, ""));
   |                                                             +                                        +


2025-03-16 19:01:52[ERROR] Formatter 'rustfmt' error: error: expected one of `.`, `?`, `{`, or an operator, found `)`
  --> <stdin>:54:100
   |
54 |             let (next_num, remainder) = line.split_once(|c| !match!(c, '0'..'9' | '-' | '+' | '.' )).unwrap_or((line, ""));
   |                                                         ---  -----                                 ^ expected one of `.`, `?`, `{`, or an operator
   |                                                         |    |
   |                                                         |    while parsing this `match` expression
   |                                                         while parsing the body of this closure
   |
help: you might have meant to open the body of the closure
   |
54 |             let (next_num, remainder) = line.split_once(|c| { !match!(c, '0'..'9' | '-' | '+' | '.' )}).unwrap_or((line, ""));
   |                                                             +                                        +

error: field expressions cannot have generic arguments
  --> <stdin>:55:37
   |
55 |             let v = next_num.parse::<f64>;
   |                                     ^^^^^


2025-03-16 19:02:21[ERROR] Formatter 'rustfmt' error: error: expected one of `.`, `?`, `{`, or an operator, found `)`
  --> <stdin>:54:100
   |
54 |             let (next_num, remainder) = line.split_once(|c| !match!(c, '0'..'9' | '-' | '+' | '.' )).unwrap_or((line, ""));
   |                                                         ---  -----                                 ^ expected one of `.`, `?`, `{`, or an operator
   |                                                         |    |
   |                                                         |    while parsing this `match` expression
   |                                                         while parsing the body of this closure
   |
help: you might have meant to open the body of the closure
   |
54 |             let (next_num, remainder) = line.split_once(|c| { !match!(c, '0'..'9' | '-' | '+' | '.' )}).unwrap_or((line, ""));
   |                                                             +                                        +


2025-03-16 19:02:57[ERROR] Formatter 'rustfmt' error: error: expected one of `.`, `?`, `{`, or an operator, found `)`
  --> <stdin>:54:100
   |
54 |             let (next_num, remainder) = line.split_once(|c| !match!(c, '0'..'9' | '-' | '+' | '.' )).unwrap_or((line, ""));
   |                                                         ---  -----                                 ^ expected one of `.`, `?`, `{`, or an operator
   |                                                         |    |
   |                                                         |    while parsing this `match` expression
   |                                                         while parsing the body of this closure
   |
help: you might have meant to open the body of the closure
   |
54 |             let (next_num, remainder) = line.split_once(|c| { !match!(c, '0'..'9' | '-' | '+' | '.' )}).unwrap_or((line, ""));
   |                                                             +                                        +

error: expected one of `!`, `.`, `::`, `;`, `?`, `{`, `}`, or an operator, found `,`
  --> <stdin>:58:29
   |
58 |                     f64::NAN,
   |                             ^ expected one of 8 possible tokens

error: expected `;`, found `line`
  --> <stdin>:60:14
   |
60 |             }
   |              ^ help: add `;` here
61 |             line = remainder;
   |             ---- unexpected token


2025-03-16 19:03:19[ERROR] Formatter 'rustfmt' error: error: expected one of `.`, `?`, `{`, or an operator, found `)`
  --> <stdin>:54:100
   |
54 |             let (next_num, remainder) = line.split_once(|c| !match!(c, '0'..'9' | '-' | '+' | '.' )).unwrap_or((line, ""));
   |                                                         ---  -----                                 ^ expected one of `.`, `?`, `{`, or an operator
   |                                                         |    |
   |                                                         |    while parsing this `match` expression
   |                                                         while parsing the body of this closure
   |
help: you might have meant to open the body of the closure
   |
54 |             let (next_num, remainder) = line.split_once(|c| { !match!(c, '0'..'9' | '-' | '+' | '.' )}).unwrap_or((line, ""));
   |                                                             +                                        +

error: expected one of `!`, `.`, `::`, `;`, `?`, `{`, `}`, or an operator, found `,`
  --> <stdin>:58:29
   |
58 |                     f64::NAN,
   |                             ^ expected one of 8 possible tokens


2025-03-16 19:03:28[ERROR] Formatter 'rustfmt' error: error: expected one of `.`, `?`, `{`, or an operator, found `)`
  --> <stdin>:54:100
   |
54 |             let (next_num, remainder) = line.split_once(|c| !match!(c, '0'..'9' | '-' | '+' | '.' )).unwrap_or((line, ""));
   |                                                         ---  -----                                 ^ expected one of `.`, `?`, `{`, or an operator
   |                                                         |    |
   |                                                         |    while parsing this `match` expression
   |                                                         while parsing the body of this closure
   |
help: you might have meant to open the body of the closure
   |
54 |             let (next_num, remainder) = line.split_once(|c| { !match!(c, '0'..'9' | '-' | '+' | '.' )}).unwrap_or((line, ""));
   |                                                             +                                        +


2025-03-16 19:04:03[ERROR] Formatter 'rustfmt' error: error: expected one of `.`, `?`, `{`, or an operator, found `}`
  --> <stdin>:56:13
   |
55 |                 !match!(c, '0'..'9' | '-' | '+' | '.' )
   |                  -----                                 - expected one of `.`, `?`, `{`, or an operator
   |                  |
   |                  while parsing this `match` expression
56 |             }).unwrap_or((line, ""));
   |             ^ unexpected token


2025-03-16 19:04:09[ERROR] Formatter 'rustfmt' error: error: expected one of `.`, `?`, `{`, or an operator, found `)`
  --> <stdin>:54:100
   |
54 |             let (next_num, remainder) = line.split_once(|c| !match!(c, '0'..'9' | '-' | '+' | '.' )).unwrap_or((line, ""));
   |                                                         ---  -----                                 ^ expected one of `.`, `?`, `{`, or an operator
   |                                                         |    |
   |                                                         |    while parsing this `match` expression
   |                                                         while parsing the body of this closure
   |
help: you might have meant to open the body of the closure
   |
54 |             let (next_num, remainder) = line.split_once(|c| { !match!(c, '0'..'9' | '-' | '+' | '.' )}).unwrap_or((line, ""));
   |                                                             +                                        +


2025-03-16 19:04:38[ERROR] Formatter 'rustfmt' error: error: expected one of `.`, `?`, `{`, or an operator, found `)`
  --> <stdin>:54:100
   |
54 |             let (next_num, remainder) = line.split_once(|c| !match!(c, '0'..'9' | '-' | '+' | '.' )).unwrap_or((line, ""));
   |                                                         ---  -----                                 ^ expected one of `.`, `?`, `{`, or an operator
   |                                                         |    |
   |                                                         |    while parsing this `match` expression
   |                                                         while parsing the body of this closure
   |
help: you might have meant to open the body of the closure
   |
54 |             let (next_num, remainder) = line.split_once(|c| { !match!(c, '0'..'9' | '-' | '+' | '.' )}).unwrap_or((line, ""));
   |                                                             +                                        +


2025-03-16 19:04:39[ERROR] Formatter 'rustfmt' error: error: expected one of `.`, `?`, `{`, or an operator, found `)`
  --> <stdin>:54:100
   |
54 |             let (next_num, remainder) = line.split_once(|c| !match!(c, '0'..'9' | '-' | '+' | '.' )).unwrap_or((line, ""));
   |                                                         ---  -----                                 ^ expected one of `.`, `?`, `{`, or an operator
   |                                                         |    |
   |                                                         |    while parsing this `match` expression
   |                                                         while parsing the body of this closure
   |
help: you might have meant to open the body of the closure
   |
54 |             let (next_num, remainder) = line.split_once(|c| { !match!(c, '0'..'9' | '-' | '+' | '.' )}).unwrap_or((line, ""));
   |                                                             +                                        +


2025-03-16 19:05:54[ERROR] Formatter 'rustfmt' error: error: expected expression, found `let` statement
  --> <stdin>:51:9
   |
51 |         let n = stdin.read_line(&mut line)?;
   |         ^^^
   |
   = note: only supported directly in conditions of `if` and `while` expressions

error: expected one of `.`, `?`, `{`, or an operator, found `)`
  --> <stdin>:57:100
   |
57 |             let (next_num, remainder) = line.split_once(|c| !match!(c, '0'..'9' | '-' | '+' | '.' )).unwrap_or((line, ""));
   |                                                         ---  -----                                 ^ expected one of `.`, `?`, `{`, or an operator
   |                                                         |    |
   |                                                         |    while parsing this `match` expression
   |                                                         while parsing the body of this closure
   |
help: you might have meant to open the body of the closure
   |
57 |             let (next_num, remainder) = line.split_once(|c| { !match!(c, '0'..'9' | '-' | '+' | '.' )}).unwrap_or((line, ""));
   |                                                             +                                        +


2025-03-16 19:06:07[ERROR] Formatter 'rustfmt' error: error: expected one of `.`, `?`, `{`, or an operator, found `)`
  --> <stdin>:57:100
   |
57 |             let (next_num, remainder) = line.split_once(|c| !match!(c, '0'..'9' | '-' | '+' | '.' )).unwrap_or((line, ""));
   |                                                         ---  -----                                 ^ expected one of `.`, `?`, `{`, or an operator
   |                                                         |    |
   |                                                         |    while parsing this `match` expression
   |                                                         while parsing the body of this closure
   |
help: you might have meant to open the body of the closure
   |
57 |             let (next_num, remainder) = line.split_once(|c| { !match!(c, '0'..'9' | '-' | '+' | '.' )}).unwrap_or((line, ""));
   |                                                             +                                        +


2025-03-16 19:06:17[ERROR] Formatter 'rustfmt' error: error: expected one of `.`, `?`, `{`, or an operator, found `)`
  --> <stdin>:57:100
   |
57 |             let (next_num, remainder) = line.split_once(|c| !match!(c, '0'..'9' | '-' | '+' | '.' )).unwrap_or((line, ""));
   |                                                         ---  -----                                 ^ expected one of `.`, `?`, `{`, or an operator
   |                                                         |    |
   |                                                         |    while parsing this `match` expression
   |                                                         while parsing the body of this closure
   |
help: you might have meant to open the body of the closure
   |
57 |             let (next_num, remainder) = line.split_once(|c| { !match!(c, '0'..'9' | '-' | '+' | '.' )}).unwrap_or((line, ""));
   |                                                             +                                        +


2025-03-16 19:06:52[ERROR] Formatter 'rustfmt' error: error: expected one of `.`, `?`, `{`, or an operator, found `)`
  --> <stdin>:57:100
   |
57 |             let (next_num, remainder) = line.split_once(|c| !match!(c, '0'..'9' | '-' | '+' | '.' )).unwrap_or((line, ""));
   |                                                         ---  -----                                 ^ expected one of `.`, `?`, `{`, or an operator
   |                                                         |    |
   |                                                         |    while parsing this `match` expression
   |                                                         while parsing the body of this closure
   |
help: you might have meant to open the body of the closure
   |
57 |             let (next_num, remainder) = line.split_once(|c| { !match!(c, '0'..'9' | '-' | '+' | '.' )}).unwrap_or((line, ""));
   |                                                             +                                        +


2025-03-16 19:06:54[ERROR] Formatter 'rustfmt' error: error: expected one of `.`, `?`, `{`, or an operator, found `)`
  --> <stdin>:57:100
   |
57 |             let (next_num, remainder) = line.split_once(|c| !match!(c, '0'..'9' | '-' | '+' | '.' )).unwrap_or((line, ""));
   |                                                         ---  -----                                 ^ expected one of `.`, `?`, `{`, or an operator
   |                                                         |    |
   |                                                         |    while parsing this `match` expression
   |                                                         while parsing the body of this closure
   |
help: you might have meant to open the body of the closure
   |
57 |             let (next_num, remainder) = line.split_once(|c| { !match!(c, '0'..'9' | '-' | '+' | '.' )}).unwrap_or((line, ""));
   |                                                             +                                        +


2025-03-16 19:07:03[ERROR] Formatter 'rustfmt' error: error: expected one of `.`, `?`, `{`, or an operator, found `)`
  --> <stdin>:57:100
   |
57 |             let (next_num, remainder) = line.split_once(|c| !match!(c, '0'..'9' | '-' | '+' | '.' )).unwrap_or((line, ""));
   |                                                         ---  -----                                 ^ expected one of `.`, `?`, `{`, or an operator
   |                                                         |    |
   |                                                         |    while parsing this `match` expression
   |                                                         while parsing the body of this closure
   |
help: you might have meant to open the body of the closure
   |
57 |             let (next_num, remainder) = line.split_once(|c| { !match!(c, '0'..'9' | '-' | '+' | '.' )}).unwrap_or((line, ""));
   |                                                             +                                        +


2025-03-16 19:07:35[ERROR] Formatter 'rustfmt' error: error: expected one of `.`, `?`, `{`, or an operator, found `)`
  --> <stdin>:58:100
   |
58 |             let (next_num, remainder) = line.split_once(|c| !match!(c, '0'..'9' | '-' | '+' | '.' )).unwrap_or((line, ""));
   |                                                         ---  -----                                 ^ expected one of `.`, `?`, `{`, or an operator
   |                                                         |    |
   |                                                         |    while parsing this `match` expression
   |                                                         while parsing the body of this closure
   |
help: you might have meant to open the body of the closure
   |
58 |             let (next_num, remainder) = line.split_once(|c| { !match!(c, '0'..'9' | '-' | '+' | '.' )}).unwrap_or((line, ""));
   |                                                             +                                        +


2025-03-16 19:07:44[ERROR] Formatter 'rustfmt' error: error: expected one of `.`, `?`, `{`, or an operator, found `)`
  --> <stdin>:58:100
   |
58 |             let (next_num, remainder) = line.split_once(|c| !match!(c, '0'..'9' | '-' | '+' | '.' )).unwrap_or((line, ""));
   |                                                         ---  -----                                 ^ expected one of `.`, `?`, `{`, or an operator
   |                                                         |    |
   |                                                         |    while parsing this `match` expression
   |                                                         while parsing the body of this closure
   |
help: you might have meant to open the body of the closure
   |
58 |             let (next_num, remainder) = line.split_once(|c| { !match!(c, '0'..'9' | '-' | '+' | '.' )}).unwrap_or((line, ""));
   |                                                             +                                        +


2025-03-16 19:08:47[ERROR] Formatter 'rustfmt' error: error: expected one of `.`, `?`, `{`, or an operator, found `)`
  --> <stdin>:60:100
   |
60 |             let (next_num, remainder) = line.split_once(|c| !match!(c, '0'..'9' | '-' | '+' | '.' )).unwrap_or((line, ""));
   |                                                         ---  -----                                 ^ expected one of `.`, `?`, `{`, or an operator
   |                                                         |    |
   |                                                         |    while parsing this `match` expression
   |                                                         while parsing the body of this closure
   |
help: you might have meant to open the body of the closure
   |
60 |             let (next_num, remainder) = line.split_once(|c| { !match!(c, '0'..'9' | '-' | '+' | '.' )}).unwrap_or((line, ""));
   |                                                             +                                        +


2025-03-16 19:09:06[ERROR] Formatter 'rustfmt' error: error: expected one of `.`, `?`, `{`, or an operator, found `)`
  --> <stdin>:61:100
   |
61 |             let (next_num, remainder) = line.split_once(|c| !match!(c, '0'..'9' | '-' | '+' | '.' )).unwrap_or((line, ""));
   |                                                         ---  -----                                 ^ expected one of `.`, `?`, `{`, or an operator
   |                                                         |    |
   |                                                         |    while parsing this `match` expression
   |                                                         while parsing the body of this closure
   |
help: you might have meant to open the body of the closure
   |
61 |             let (next_num, remainder) = line.split_once(|c| { !match!(c, '0'..'9' | '-' | '+' | '.' )}).unwrap_or((line, ""));
   |                                                             +                                        +


2025-03-16 19:09:13[ERROR] Formatter 'rustfmt' error: error: expected one of `.`, `?`, `{`, or an operator, found `)`
  --> <stdin>:62:100
   |
62 |             let (next_num, remainder) = line.split_once(|c| !match!(c, '0'..'9' | '-' | '+' | '.' )).unwrap_or((line, ""));
   |                                                         ---  -----                                 ^ expected one of `.`, `?`, `{`, or an operator
   |                                                         |    |
   |                                                         |    while parsing this `match` expression
   |                                                         while parsing the body of this closure
   |
help: you might have meant to open the body of the closure
   |
62 |             let (next_num, remainder) = line.split_once(|c| { !match!(c, '0'..'9' | '-' | '+' | '.' )}).unwrap_or((line, ""));
   |                                                             +                                        +


2025-03-16 19:09:28[ERROR] Formatter 'rustfmt' error: error: expected one of `.`, `?`, `{`, or an operator, found `)`
  --> <stdin>:62:100
   |
62 |             let (next_num, remainder) = line.split_once(|c| !match!(c, '0'..'9' | '-' | '+' | '.' )).unwrap_or((line, ""));
   |                                                         ---  -----                                 ^ expected one of `.`, `?`, `{`, or an operator
   |                                                         |    |
   |                                                         |    while parsing this `match` expression
   |                                                         while parsing the body of this closure
   |
help: you might have meant to open the body of the closure
   |
62 |             let (next_num, remainder) = line.split_once(|c| { !match!(c, '0'..'9' | '-' | '+' | '.' )}).unwrap_or((line, ""));
   |                                                             +                                        +


2025-03-16 19:14:56[ERROR] Formatter 'rustfmt' error: error: expected one of `.`, `?`, `{`, or an operator, found `)`
  --> <stdin>:73:100
   |
73 |             let (next_num, remainder) = line.split_once(|c| !match!(c, '0'..'9' | '-' | '+' | '.' )).unwrap_or((line, ""));
   |                                                         ---  -----                                 ^ expected one of `.`, `?`, `{`, or an operator
   |                                                         |    |
   |                                                         |    while parsing this `match` expression
   |                                                         while parsing the body of this closure
   |
help: you might have meant to open the body of the closure
   |
73 |             let (next_num, remainder) = line.split_once(|c| { !match!(c, '0'..'9' | '-' | '+' | '.' )}).unwrap_or((line, ""));
   |                                                             +                                        +


2025-03-16 19:15:28[ERROR] Formatter 'rustfmt' error: error: expected one of `.`, `?`, `{`, or an operator, found `)`
  --> <stdin>:73:100
   |
73 |             let (next_num, remainder) = line.split_once(|c| !match!(c, '0'..'9' | '-' | '+' | '.' )).unwrap_or((line, ""));
   |                                                         ---  -----                                 ^ expected one of `.`, `?`, `{`, or an operator
   |                                                         |    |
   |                                                         |    while parsing this `match` expression
   |                                                         while parsing the body of this closure
   |
help: you might have meant to open the body of the closure
   |
73 |             let (next_num, remainder) = line.split_once(|c| { !match!(c, '0'..'9' | '-' | '+' | '.' )}).unwrap_or((line, ""));
   |                                                             +                                        +


2025-03-16 19:15:29[ERROR] Formatter 'rustfmt' error: error: expected one of `.`, `?`, `{`, or an operator, found `)`
  --> <stdin>:73:100
   |
73 |             let (next_num, remainder) = line.split_once(|c| !match!(c, '0'..'9' | '-' | '+' | '.' )).unwrap_or((line, ""));
   |                                                         ---  -----                                 ^ expected one of `.`, `?`, `{`, or an operator
   |                                                         |    |
   |                                                         |    while parsing this `match` expression
   |                                                         while parsing the body of this closure
   |
help: you might have meant to open the body of the closure
   |
73 |             let (next_num, remainder) = line.split_once(|c| { !match!(c, '0'..'9' | '-' | '+' | '.' )}).unwrap_or((line, ""));
   |                                                             +                                        +


2025-03-16 19:16:25[ERROR] Formatter 'rustfmt' error: error: expected one of `.`, `?`, `{`, or an operator, found `)`
  --> <stdin>:73:100
   |
73 |             let (next_num, remainder) = line.split_once(|c| !match!(c, '0'..'9' | '-' | '+' | '.' )).unwrap_or((line, ""));
   |                                                         ---  -----                                 ^ expected one of `.`, `?`, `{`, or an operator
   |                                                         |    |
   |                                                         |    while parsing this `match` expression
   |                                                         while parsing the body of this closure
   |
help: you might have meant to open the body of the closure
   |
73 |             let (next_num, remainder) = line.split_once(|c| { !match!(c, '0'..'9' | '-' | '+' | '.' )}).unwrap_or((line, ""));
   |                                                             +                                        +


2025-03-16 19:16:50[ERROR] Formatter 'rustfmt' error: error: expected `;`, found keyword `for`
  --> <stdin>:48:50
   |
48 |             assert_eq!(column, self.ys.len(), "")
   |                                                  ^ help: add `;` here
49 |             for c in self.ys.len()..column {
   |             --- unexpected token

error: expected one of `.`, `?`, `{`, or an operator, found `)`
  --> <stdin>:74:100
   |
74 |             let (next_num, remainder) = line.split_once(|c| !match!(c, '0'..'9' | '-' | '+' | '.' )).unwrap_or((line, ""));
   |                                                         ---  -----                                 ^ expected one of `.`, `?`, `{`, or an operator
   |                                                         |    |
   |                                                         |    while parsing this `match` expression
   |                                                         while parsing the body of this closure
   |
help: you might have meant to open the body of the closure
   |
74 |             let (next_num, remainder) = line.split_once(|c| { !match!(c, '0'..'9' | '-' | '+' | '.' )}).unwrap_or((line, ""));
   |                                                             +                                        +


2025-03-16 19:16:51[ERROR] Formatter 'rustfmt' error: error: expected one of `.`, `?`, `{`, or an operator, found `)`
  --> <stdin>:74:100
   |
74 |             let (next_num, remainder) = line.split_once(|c| !match!(c, '0'..'9' | '-' | '+' | '.' )).unwrap_or((line, ""));
   |                                                         ---  -----                                 ^ expected one of `.`, `?`, `{`, or an operator
   |                                                         |    |
   |                                                         |    while parsing this `match` expression
   |                                                         while parsing the body of this closure
   |
help: you might have meant to open the body of the closure
   |
74 |             let (next_num, remainder) = line.split_once(|c| { !match!(c, '0'..'9' | '-' | '+' | '.' )}).unwrap_or((line, ""));
   |                                                             +                                        +


2025-03-16 19:17:18[ERROR] Formatter 'rustfmt' error: error: expected one of `.`, `?`, `{`, or an operator, found `)`
  --> <stdin>:74:100
   |
74 |             let (next_num, remainder) = line.split_once(|c| !match!(c, '0'..'9' | '-' | '+' | '.' )).unwrap_or((line, ""));
   |                                                         ---  -----                                 ^ expected one of `.`, `?`, `{`, or an operator
   |                                                         |    |
   |                                                         |    while parsing this `match` expression
   |                                                         while parsing the body of this closure
   |
help: you might have meant to open the body of the closure
   |
74 |             let (next_num, remainder) = line.split_once(|c| { !match!(c, '0'..'9' | '-' | '+' | '.' )}).unwrap_or((line, ""));
   |                                                             +                                        +


2025-03-16 19:17:24[ERROR] Formatter 'rustfmt' error: error: expected one of `.`, `?`, `{`, or an operator, found `)`
  --> <stdin>:74:100
   |
74 |             let (next_num, remainder) = line.split_once(|c| !match!(c, '0'..'9' | '-' | '+' | '.' )).unwrap_or((line, ""));
   |                                                         ---  -----                                 ^ expected one of `.`, `?`, `{`, or an operator
   |                                                         |    |
   |                                                         |    while parsing this `match` expression
   |                                                         while parsing the body of this closure
   |
help: you might have meant to open the body of the closure
   |
74 |             let (next_num, remainder) = line.split_once(|c| { !match!(c, '0'..'9' | '-' | '+' | '.' )}).unwrap_or((line, ""));
   |                                                             +                                        +


2025-03-16 19:17:34[ERROR] Formatter 'rustfmt' error: error: expected one of `.`, `?`, `{`, or an operator, found `)`
  --> <stdin>:74:100
   |
74 |             let (next_num, remainder) = line.split_once(|c| !match!(c, '0'..'9' | '-' | '+' | '.' )).unwrap_or((line, ""));
   |                                                         ---  -----                                 ^ expected one of `.`, `?`, `{`, or an operator
   |                                                         |    |
   |                                                         |    while parsing this `match` expression
   |                                                         while parsing the body of this closure
   |
help: you might have meant to open the body of the closure
   |
74 |             let (next_num, remainder) = line.split_once(|c| { !match!(c, '0'..'9' | '-' | '+' | '.' )}).unwrap_or((line, ""));
   |                                                             +                                        +


2025-03-16 19:17:55[ERROR] Formatter 'rustfmt' error: error: expected one of `.`, `?`, `{`, or an operator, found `)`
  --> <stdin>:75:100
   |
75 |             let (next_num, remainder) = line.split_once(|c| !match!(c, '0'..'9' | '-' | '+' | '.' )).unwrap_or((line, ""));
   |                                                         ---  -----                                 ^ expected one of `.`, `?`, `{`, or an operator
   |                                                         |    |
   |                                                         |    while parsing this `match` expression
   |                                                         while parsing the body of this closure
   |
help: you might have meant to open the body of the closure
   |
75 |             let (next_num, remainder) = line.split_once(|c| { !match!(c, '0'..'9' | '-' | '+' | '.' )}).unwrap_or((line, ""));
   |                                                             +                                        +


2025-03-16 19:19:27[ERROR] Formatter 'rustfmt' error: error: expected one of `.`, `?`, `{`, or an operator, found `)`
  --> <stdin>:75:100
   |
75 |             let (next_num, remainder) = line.split_once(|c| !match!(c, '0'..'9' | '-' | '+' | '.' )).unwrap_or((line, ""));
   |                                                         ---  -----                                 ^ expected one of `.`, `?`, `{`, or an operator
   |                                                         |    |
   |                                                         |    while parsing this `match` expression
   |                                                         while parsing the body of this closure
   |
help: you might have meant to open the body of the closure
   |
75 |             let (next_num, remainder) = line.split_once(|c| { !match!(c, '0'..'9' | '-' | '+' | '.' )}).unwrap_or((line, ""));
   |                                                             +                                        +


2025-03-16 19:19:53[ERROR] Formatter 'rustfmt' error: error: expected one of `.`, `?`, `{`, or an operator, found `)`
  --> <stdin>:73:100
   |
73 |             let (next_num, remainder) = line.split_once(|c| !match!(c, '0'..'9' | '-' | '+' | '.' )).unwrap_or((line, ""));
   |                                                         ---  -----                                 ^ expected one of `.`, `?`, `{`, or an operator
   |                                                         |    |
   |                                                         |    while parsing this `match` expression
   |                                                         while parsing the body of this closure
   |
help: you might have meant to open the body of the closure
   |
73 |             let (next_num, remainder) = line.split_once(|c| { !match!(c, '0'..'9' | '-' | '+' | '.' )}).unwrap_or((line, ""));
   |                                                             +                                        +


2025-03-16 19:19:55[ERROR] Formatter 'rustfmt' error: error: expected one of `.`, `?`, `{`, or an operator, found `)`
  --> <stdin>:73:100
   |
73 |             let (next_num, remainder) = line.split_once(|c| !match!(c, '0'..'9' | '-' | '+' | '.' )).unwrap_or((line, ""));
   |                                                         ---  -----                                 ^ expected one of `.`, `?`, `{`, or an operator
   |                                                         |    |
   |                                                         |    while parsing this `match` expression
   |                                                         while parsing the body of this closure
   |
help: you might have meant to open the body of the closure
   |
73 |             let (next_num, remainder) = line.split_once(|c| { !match!(c, '0'..'9' | '-' | '+' | '.' )}).unwrap_or((line, ""));
   |                                                             +                                        +


2025-03-16 19:19:59[ERROR] Formatter 'rustfmt' error: error: expected one of `.`, `?`, `{`, or an operator, found `)`
  --> <stdin>:73:100
   |
73 |             let (next_num, remainder) = line.split_once(|c| !match!(c, '0'..'9' | '-' | '+' | '.' )).unwrap_or((line, ""));
   |                                                         ---  -----                                 ^ expected one of `.`, `?`, `{`, or an operator
   |                                                         |    |
   |                                                         |    while parsing this `match` expression
   |                                                         while parsing the body of this closure
   |
help: you might have meant to open the body of the closure
   |
73 |             let (next_num, remainder) = line.split_once(|c| { !match!(c, '0'..'9' | '-' | '+' | '.' )}).unwrap_or((line, ""));
   |                                                             +                                        +


2025-03-16 19:20:57[ERROR] Formatter 'rustfmt' error: error: expected one of `.`, `?`, `{`, or an operator, found `)`
  --> <stdin>:73:100
   |
73 |             let (next_num, remainder) = line.split_once(|c| !match!(c, '0'..'9' | '-' | '+' | '.' )).unwrap_or((line, ""));
   |                                                         ---  -----                                 ^ expected one of `.`, `?`, `{`, or an operator
   |                                                         |    |
   |                                                         |    while parsing this `match` expression
   |                                                         while parsing the body of this closure
   |
help: you might have meant to open the body of the closure
   |
73 |             let (next_num, remainder) = line.split_once(|c| { !match!(c, '0'..'9' | '-' | '+' | '.' )}).unwrap_or((line, ""));
   |                                                             +                                        +


2025-03-16 19:21:03[ERROR] Formatter 'rustfmt' error: error: expected one of `.`, `?`, `{`, or an operator, found `)`
  --> <stdin>:73:100
   |
73 |             let (next_num, remainder) = line.split_once(|c| !match!(c, '0'..'9' | '-' | '+' | '.' )).unwrap_or((line, ""));
   |                                                         ---  -----                                 ^ expected one of `.`, `?`, `{`, or an operator
   |                                                         |    |
   |                                                         |    while parsing this `match` expression
   |                                                         while parsing the body of this closure
   |
help: you might have meant to open the body of the closure
   |
73 |             let (next_num, remainder) = line.split_once(|c| { !match!(c, '0'..'9' | '-' | '+' | '.' )}).unwrap_or((line, ""));
   |                                                             +                                        +


2025-03-16 19:21:13[ERROR] Formatter 'rustfmt' error: error: expected one of `.`, `?`, `{`, or an operator, found `)`
  --> <stdin>:73:100
   |
73 |             let (next_num, remainder) = line.split_once(|c| !match!(c, '0'..'9' | '-' | '+' | '.' )).unwrap_or((line, ""));
   |                                                         ---  -----                                 ^ expected one of `.`, `?`, `{`, or an operator
   |                                                         |    |
   |                                                         |    while parsing this `match` expression
   |                                                         while parsing the body of this closure
   |
help: you might have meant to open the body of the closure
   |
73 |             let (next_num, remainder) = line.split_once(|c| { !match!(c, '0'..'9' | '-' | '+' | '.' )}).unwrap_or((line, ""));
   |                                                             +                                        +


2025-03-16 19:22:03[ERROR] Formatter 'rustfmt' error: error: expected one of `.`, `?`, `{`, or an operator, found `)`
  --> <stdin>:73:100
   |
73 |             let (next_num, remainder) = line.split_once(|c| !match!(c, '0'..'9' | '-' | '+' | '.' )).unwrap_or((line, ""));
   |                                                         ---  -----                                 ^ expected one of `.`, `?`, `{`, or an operator
   |                                                         |    |
   |                                                         |    while parsing this `match` expression
   |                                                         while parsing the body of this closure
   |
help: you might have meant to open the body of the closure
   |
73 |             let (next_num, remainder) = line.split_once(|c| { !match!(c, '0'..'9' | '-' | '+' | '.' )}).unwrap_or((line, ""));
   |                                                             +                                        +


2025-03-16 19:22:17[ERROR] Formatter 'rustfmt' error: error: expected one of `.`, `?`, `{`, or an operator, found `)`
  --> <stdin>:73:100
   |
73 |             let (next_num, remainder) = line.split_once(|c| !match!(c, '0'..'9' | '-' | '+' | '.' )).unwrap_or((line, ""));
   |                                                         ---  -----                                 ^ expected one of `.`, `?`, `{`, or an operator
   |                                                         |    |
   |                                                         |    while parsing this `match` expression
   |                                                         while parsing the body of this closure
   |
help: you might have meant to open the body of the closure
   |
73 |             let (next_num, remainder) = line.split_once(|c| { !match!(c, '0'..'9' | '-' | '+' | '.' )}).unwrap_or((line, ""));
   |                                                             +                                        +


2025-03-16 19:22:42[ERROR] Formatter 'rustfmt' error: error: expected one of `.`, `?`, `{`, or an operator, found `)`
  --> <stdin>:73:100
   |
73 |             let (next_num, remainder) = line.split_once(|c| !match!(c, '0'..'9' | '-' | '+' | '.' )).unwrap_or((line, ""));
   |                                                         ---  -----                                 ^ expected one of `.`, `?`, `{`, or an operator
   |                                                         |    |
   |                                                         |    while parsing this `match` expression
   |                                                         while parsing the body of this closure
   |
help: you might have meant to open the body of the closure
   |
73 |             let (next_num, remainder) = line.split_once(|c| { !match!(c, '0'..'9' | '-' | '+' | '.' )}).unwrap_or((line, ""));
   |                                                             +                                        +


2025-03-16 19:24:06[ERROR] Formatter 'rustfmt' error: error: expected one of `.`, `?`, `{`, or an operator, found `}`
  --> <stdin>:75:13
   |
74 |                 !match!(c, '0'..'9' | '-' | '+' | '.' )
   |                  -----                                 - expected one of `.`, `?`, `{`, or an operator
   |                  |
   |                  while parsing this `match` expression
75 |             }).unwrap_or((line, ""));
   |             ^ unexpected token


