[START][2025-03-11 14:04:47] LSP logging initiated
[ERROR][2025-03-11 14:04:47] .../vim/lsp/rpc.lua:770	"rpc"	"/home/noir/.cargo/bin/rust-analyzer"	"stderr"	"error: Unknown binary 'rust-analyzer' in official toolchain 'stable-x86_64-unknown-linux-gnu'.\n"
[START][2025-03-13 09:36:13] LSP logging initiated
[ERROR][2025-03-13 09:36:13] .../vim/lsp/rpc.lua:770	"rpc"	"/usr/sbin/clangd"	"stderr"	"I[09:36:13.065] clangd version 19.1.7\nI[09:36:13.065] Features: linux\nI[09:36:13.065] PID: 2117\n"
[ERROR][2025-03-13 09:36:13] .../vim/lsp/rpc.lua:770	"rpc"	"/usr/sbin/clangd"	"stderr"	"I[09:36:13.065] Working directory: /home/noir/personal/probe/snake_c/\nI[09:36:13.065] argv[0]: /usr/sbin/clangd\nI[09:36:13.066] Starting LSP over stdin/stdout\n"
[ERROR][2025-03-13 09:36:13] .../vim/lsp/rpc.lua:770	"rpc"	"/usr/sbin/clangd"	"stderr"	"I[09:36:13.069] <-- initialize(1)\n"
[ERROR][2025-03-13 09:36:13] .../vim/lsp/rpc.lua:770	"rpc"	"/usr/sbin/clangd"	"stderr"	"I[09:36:13.076] --> reply:initialize(1) 6 ms\n"
[ERROR][2025-03-13 09:36:13] .../vim/lsp/rpc.lua:770	"rpc"	"/usr/sbin/clangd"	"stderr"	"I[09:36:13.077] <-- initialized\nI[09:36:13.077] <-- textDocument/didOpen\n"
[ERROR][2025-03-13 09:36:13] .../vim/lsp/rpc.lua:770	"rpc"	"/usr/sbin/clangd"	"stderr"	"I[09:36:13.081] Failed to find compilation database for /home/noir/personal/probe/snake_c/main.c\n"
[ERROR][2025-03-13 09:36:13] .../vim/lsp/rpc.lua:770	"rpc"	"/usr/sbin/clangd"	"stderr"	"I[09:36:13.081] ASTWorker building file /home/noir/personal/probe/snake_c/main.c version 0 with command clangd fallback\n[/home/noir/personal/probe/snake_c]\n/usr/bin/clang -resource-dir=/usr/lib/clang/19 -- /home/noir/personal/probe/snake_c/main.c\n"
[ERROR][2025-03-13 09:36:13] .../vim/lsp/rpc.lua:770	"rpc"	"/usr/sbin/clangd"	"stderr"	"I[09:36:13.081] <-- textDocument/semanticTokens/full(2)\n"
[ERROR][2025-03-13 09:36:13] .../vim/lsp/rpc.lua:770	"rpc"	"/usr/sbin/clangd"	"stderr"	"I[09:36:13.158] Built preamble of size 231800 for file /home/noir/personal/probe/snake_c/main.c version 0 in 0.05 seconds\n"
[ERROR][2025-03-13 09:36:13] .../vim/lsp/rpc.lua:770	"rpc"	"/usr/sbin/clangd"	"stderr"	"I[09:36:13.161] --> workspace/semanticTokens/refresh(0)\n"
[ERROR][2025-03-13 09:36:13] .../vim/lsp/rpc.lua:770	"rpc"	"/usr/sbin/clangd"	"stderr"	"I[09:36:13.161] <-- $/cancelRequest\nI[09:36:13.162] <-- textDocument/semanticTokens/full(3)\n"
[ERROR][2025-03-13 09:36:13] .../vim/lsp/rpc.lua:770	"rpc"	"/usr/sbin/clangd"	"stderr"	"I[09:36:13.162] <-- reply(0)\n"
[ERROR][2025-03-13 09:36:13] .../vim/lsp/rpc.lua:770	"rpc"	"/usr/sbin/clangd"	"stderr"	"I[09:36:13.163] Indexing c17 standard library in the context of /home/noir/personal/probe/snake_c/main.c\n"
[ERROR][2025-03-13 09:36:13] .../vim/lsp/rpc.lua:770	"rpc"	"/usr/sbin/clangd"	"stderr"	"I[09:36:13.206] --> textDocument/publishDiagnostics\n"
[ERROR][2025-03-13 09:36:13] .../vim/lsp/rpc.lua:770	"rpc"	"/usr/sbin/clangd"	"stderr"	"I[09:36:13.206] --> reply:textDocument/semanticTokens/full(2) 124 ms, error: Task was cancelled.\n"
[ERROR][2025-03-13 09:36:13] .../vim/lsp/rpc.lua:770	"rpc"	"/usr/sbin/clangd"	"stderr"	"I[09:36:13.206] --> reply:textDocument/semanticTokens/full(3) 44 ms\n"
[ERROR][2025-03-13 09:36:13] .../vim/lsp/rpc.lua:770	"rpc"	"/usr/sbin/clangd"	"stderr"	"I[09:36:13.353] Indexed c17 standard library: 2868 symbols, 27 filtered\n"
[ERROR][2025-03-13 09:36:19] .../vim/lsp/rpc.lua:770	"rpc"	"/usr/sbin/clangd"	"stderr"	"I[09:36:19.923] <-- textDocument/didChange\n"
[ERROR][2025-03-13 09:36:19] .../vim/lsp/rpc.lua:770	"rpc"	"/usr/sbin/clangd"	"stderr"	"I[09:36:19.972] <-- textDocument/semanticTokens/full/delta(4)\n"
[ERROR][2025-03-13 09:36:19] .../vim/lsp/rpc.lua:770	"rpc"	"/usr/sbin/clangd"	"stderr"	"I[09:36:19.973] Failed to find compilation database for /home/noir/personal/probe/snake_c/main.c\n"
[ERROR][2025-03-13 09:36:19] .../vim/lsp/rpc.lua:770	"rpc"	"/usr/sbin/clangd"	"stderr"	"I[09:36:19.973] ASTWorker building file /home/noir/personal/probe/snake_c/main.c version 4 with command clangd fallback\n[/home/noir/personal/probe/snake_c]\n/usr/bin/clang -resource-dir=/usr/lib/clang/19 -- /home/noir/personal/probe/snake_c/main.c\n"
[ERROR][2025-03-13 09:36:19] .../vim/lsp/rpc.lua:770	"rpc"	"/usr/sbin/clangd"	"stderr"	"I[09:36:19.991] Built preamble of size 411640 for file /home/noir/personal/probe/snake_c/main.c version 4 in 0.02 seconds\n"
[ERROR][2025-03-13 09:36:19] .../vim/lsp/rpc.lua:770	"rpc"	"/usr/sbin/clangd"	"stderr"	"I[09:36:19.992] --> workspace/semanticTokens/refresh(1)\n"
[ERROR][2025-03-13 09:36:19] .../vim/lsp/rpc.lua:770	"rpc"	"/usr/sbin/clangd"	"stderr"	"I[09:36:19.992] <-- $/cancelRequest\nI[09:36:19.992] <-- textDocument/semanticTokens/full/delta(5)\n"
[ERROR][2025-03-13 09:36:19] .../vim/lsp/rpc.lua:770	"rpc"	"/usr/sbin/clangd"	"stderr"	"I[09:36:19.992] <-- reply(1)\n"
[ERROR][2025-03-13 09:36:19] .../vim/lsp/rpc.lua:770	"rpc"	"/usr/sbin/clangd"	"stderr"	"E[09:36:19.994] IncludeCleaner: Failed to get an entry for resolved path : No such file or directory\nE[09:36:19.994] IncludeCleaner: Failed to get an entry for resolved path : No such file or directory\n"
[ERROR][2025-03-13 09:36:19] .../vim/lsp/rpc.lua:770	"rpc"	"/usr/sbin/clangd"	"stderr"	"I[09:36:19.995] --> textDocument/publishDiagnostics\n"
[ERROR][2025-03-13 09:36:19] .../vim/lsp/rpc.lua:770	"rpc"	"/usr/sbin/clangd"	"stderr"	"E[09:36:20.002] IncludeCleaner: Failed to get an entry for resolved path : No such file or directory\nE[09:36:20.002] IncludeCleaner: Failed to get an entry for resolved path : No such file or directory\n"
[ERROR][2025-03-13 09:36:19] .../vim/lsp/rpc.lua:770	"rpc"	"/usr/sbin/clangd"	"stderr"	"I[09:36:20.002] --> textDocument/publishDiagnostics\n"
[ERROR][2025-03-13 09:36:19] .../vim/lsp/rpc.lua:770	"rpc"	"/usr/sbin/clangd"	"stderr"	"I[09:36:20.003] --> reply:textDocument/semanticTokens/full/delta(4) 30 ms, error: Task was cancelled.\nI[09:36:20.003] --> reply:textDocument/semanticTokens/full/delta(5) 10 ms\n"
[ERROR][2025-03-13 09:36:27] .../vim/lsp/rpc.lua:770	"rpc"	"/usr/sbin/clangd"	"stderr"	"I[09:36:27.256] <-- textDocument/formatting(6)\n"
[ERROR][2025-03-13 09:36:27] .../vim/lsp/rpc.lua:770	"rpc"	"/usr/sbin/clangd"	"stderr"	"I[09:36:27.269] --> reply:textDocument/formatting(6) 13 ms\n"
[ERROR][2025-03-13 09:36:27] .../vim/lsp/rpc.lua:770	"rpc"	"/usr/sbin/clangd"	"stderr"	"I[09:36:27.270] <-- textDocument/didChange\n"
[ERROR][2025-03-13 09:36:27] .../vim/lsp/rpc.lua:770	"rpc"	"/usr/sbin/clangd"	"stderr"	"I[09:36:27.287] <-- textDocument/didChange\n"
[ERROR][2025-03-13 09:36:27] .../vim/lsp/rpc.lua:770	"rpc"	"/usr/sbin/clangd"	"stderr"	"I[09:36:27.287] <-- textDocument/didSave\nI[09:36:27.287] File version went from 116 to 116\n"
[ERROR][2025-03-13 09:36:27] .../vim/lsp/rpc.lua:770	"rpc"	"/usr/sbin/clangd"	"stderr"	"I[09:36:27.338] Failed to find compilation database for /home/noir/personal/probe/snake_c/main.c\n"
[ERROR][2025-03-13 09:36:27] .../vim/lsp/rpc.lua:770	"rpc"	"/usr/sbin/clangd"	"stderr"	"I[09:36:27.338] ASTWorker building file /home/noir/personal/probe/snake_c/main.c version 116 with command clangd fallback\n[/home/noir/personal/probe/snake_c]\n/usr/bin/clang -resource-dir=/usr/lib/clang/19 -- /home/noir/personal/probe/snake_c/main.c\n"
[ERROR][2025-03-13 09:36:27] .../vim/lsp/rpc.lua:770	"rpc"	"/usr/sbin/clangd"	"stderr"	"E[09:36:27.343] IncludeCleaner: Failed to get an entry for resolved path : No such file or directory\nE[09:36:27.343] IncludeCleaner: Failed to get an entry for resolved path : No such file or directory\n"
[ERROR][2025-03-13 09:36:27] .../vim/lsp/rpc.lua:770	"rpc"	"/usr/sbin/clangd"	"stderr"	"I[09:36:27.344] --> textDocument/publishDiagnostics\n"
[ERROR][2025-03-13 09:36:27] .../vim/lsp/rpc.lua:770	"rpc"	"/usr/sbin/clangd"	"stderr"	"I[09:36:27.352] Built preamble of size 411640 for file /home/noir/personal/probe/snake_c/main.c version 116 in 0.01 seconds\n"
[ERROR][2025-03-13 09:36:27] .../vim/lsp/rpc.lua:770	"rpc"	"/usr/sbin/clangd"	"stderr"	"I[09:36:27.352] --> workspace/semanticTokens/refresh(2)\n"
[ERROR][2025-03-13 09:36:27] .../vim/lsp/rpc.lua:770	"rpc"	"/usr/sbin/clangd"	"stderr"	"I[09:36:27.352] <-- textDocument/semanticTokens/full/delta(7)\n"
[ERROR][2025-03-13 09:36:27] .../vim/lsp/rpc.lua:770	"rpc"	"/usr/sbin/clangd"	"stderr"	"I[09:36:27.352] <-- reply(2)\n"
[ERROR][2025-03-13 09:36:27] .../vim/lsp/rpc.lua:770	"rpc"	"/usr/sbin/clangd"	"stderr"	"E[09:36:27.357] IncludeCleaner: Failed to get an entry for resolved path : No such file or directory\nE[09:36:27.357] IncludeCleaner: Failed to get an entry for resolved path : No such file or directory\n"
[ERROR][2025-03-13 09:36:27] .../vim/lsp/rpc.lua:770	"rpc"	"/usr/sbin/clangd"	"stderr"	"I[09:36:27.358] --> textDocument/publishDiagnostics\nI[09:36:27.359] --> reply:textDocument/semanticTokens/full/delta(7) 6 ms\n"
[ERROR][2025-03-13 09:37:46] .../vim/lsp/rpc.lua:770	"rpc"	"/usr/sbin/clangd"	"stderr"	"I[09:37:46.192] <-- textDocument/didChange\n"
[ERROR][2025-03-13 09:37:46] .../vim/lsp/rpc.lua:770	"rpc"	"/usr/sbin/clangd"	"stderr"	"I[09:37:46.243] Failed to find compilation database for /home/noir/personal/probe/snake_c/main.c\n"
[ERROR][2025-03-13 09:37:46] .../vim/lsp/rpc.lua:770	"rpc"	"/usr/sbin/clangd"	"stderr"	"I[09:37:46.243] ASTWorker building file /home/noir/personal/probe/snake_c/main.c version 118 with command clangd fallback\n[/home/noir/personal/probe/snake_c]\n/usr/bin/clang -resource-dir=/usr/lib/clang/19 -- /home/noir/personal/probe/snake_c/main.c\n"
[ERROR][2025-03-13 09:37:46] .../vim/lsp/rpc.lua:770	"rpc"	"/usr/sbin/clangd"	"stderr"	"I[09:37:46.246] --> textDocument/publishDiagnostics\n"
[ERROR][2025-03-13 09:37:46] .../vim/lsp/rpc.lua:770	"rpc"	"/usr/sbin/clangd"	"stderr"	"I[09:37:46.248] Built preamble of size 231800 for file /home/noir/personal/probe/snake_c/main.c version 118 in 0.00 seconds\n"
[ERROR][2025-03-13 09:37:46] .../vim/lsp/rpc.lua:770	"rpc"	"/usr/sbin/clangd"	"stderr"	"I[09:37:46.248] --> workspace/semanticTokens/refresh(3)\n"
[ERROR][2025-03-13 09:37:46] .../vim/lsp/rpc.lua:770	"rpc"	"/usr/sbin/clangd"	"stderr"	"I[09:37:46.248] <-- textDocument/semanticTokens/full/delta(8)\n"
[ERROR][2025-03-13 09:37:46] .../vim/lsp/rpc.lua:770	"rpc"	"/usr/sbin/clangd"	"stderr"	"I[09:37:46.248] <-- reply(3)\n"
[ERROR][2025-03-13 09:37:46] .../vim/lsp/rpc.lua:770	"rpc"	"/usr/sbin/clangd"	"stderr"	"I[09:37:46.250] --> textDocument/publishDiagnostics\nI[09:37:46.251] --> reply:textDocument/semanticTokens/full/delta(8) 2 ms\n"
[ERROR][2025-03-13 09:37:46] .../vim/lsp/rpc.lua:770	"rpc"	"/usr/sbin/clangd"	"stderr"	"I[09:37:46.622] <-- textDocument/didChange\n"
[ERROR][2025-03-13 09:37:46] .../vim/lsp/rpc.lua:770	"rpc"	"/usr/sbin/clangd"	"stderr"	"I[09:37:46.672] Failed to find compilation database for /home/noir/personal/probe/snake_c/main.c\n"
[ERROR][2025-03-13 09:37:46] .../vim/lsp/rpc.lua:770	"rpc"	"/usr/sbin/clangd"	"stderr"	"I[09:37:46.672] ASTWorker building file /home/noir/personal/probe/snake_c/main.c version 119 with command clangd fallback\n[/home/noir/personal/probe/snake_c]\n/usr/bin/clang -resource-dir=/usr/lib/clang/19 -- /home/noir/personal/probe/snake_c/main.c\n"
[ERROR][2025-03-13 09:37:46] .../vim/lsp/rpc.lua:770	"rpc"	"/usr/sbin/clangd"	"stderr"	"I[09:37:46.697] --> textDocument/publishDiagnostics\n"
[ERROR][2025-03-13 09:37:46] .../vim/lsp/rpc.lua:770	"rpc"	"/usr/sbin/clangd"	"stderr"	"I[09:37:46.697] Built preamble of size 612024 for file /home/noir/personal/probe/snake_c/main.c version 119 in 0.02 seconds\nI[09:37:46.697] --> workspace/semanticTokens/refresh(4)\n"
[ERROR][2025-03-13 09:37:46] .../vim/lsp/rpc.lua:770	"rpc"	"/usr/sbin/clangd"	"stderr"	"I[09:37:46.698] <-- textDocument/semanticTokens/full/delta(9)\n"
[ERROR][2025-03-13 09:37:46] .../vim/lsp/rpc.lua:770	"rpc"	"/usr/sbin/clangd"	"stderr"	"I[09:37:46.698] <-- reply(4)\n"
[ERROR][2025-03-13 09:37:46] .../vim/lsp/rpc.lua:770	"rpc"	"/usr/sbin/clangd"	"stderr"	"I[09:37:46.704] --> textDocument/publishDiagnostics\n"
[ERROR][2025-03-13 09:37:46] .../vim/lsp/rpc.lua:770	"rpc"	"/usr/sbin/clangd"	"stderr"	"I[09:37:46.705] --> reply:textDocument/semanticTokens/full/delta(9) 6 ms\n"
[ERROR][2025-03-13 09:37:48] .../vim/lsp/rpc.lua:770	"rpc"	"/usr/sbin/clangd"	"stderr"	"I[09:37:48.697] <-- textDocument/formatting(10)\n"
[ERROR][2025-03-13 09:37:48] .../vim/lsp/rpc.lua:770	"rpc"	"/usr/sbin/clangd"	"stderr"	"I[09:37:48.701] --> reply:textDocument/formatting(10) 3 ms\n"
[ERROR][2025-03-13 09:37:48] .../vim/lsp/rpc.lua:770	"rpc"	"/usr/sbin/clangd"	"stderr"	"I[09:37:48.702] <-- textDocument/didChange\n"
[ERROR][2025-03-13 09:37:48] .../vim/lsp/rpc.lua:770	"rpc"	"/usr/sbin/clangd"	"stderr"	"I[09:37:48.729] <-- textDocument/didChange\n"
[ERROR][2025-03-13 09:37:48] .../vim/lsp/rpc.lua:770	"rpc"	"/usr/sbin/clangd"	"stderr"	"I[09:37:48.729] <-- textDocument/didSave\nI[09:37:48.729] File version went from 234 to 234\n"
[ERROR][2025-03-13 09:37:48] .../vim/lsp/rpc.lua:770	"rpc"	"/usr/sbin/clangd"	"stderr"	"I[09:37:48.779] Failed to find compilation database for /home/noir/personal/probe/snake_c/main.c\n"
[ERROR][2025-03-13 09:37:48] .../vim/lsp/rpc.lua:770	"rpc"	"/usr/sbin/clangd"	"stderr"	"I[09:37:48.780] ASTWorker building file /home/noir/personal/probe/snake_c/main.c version 234 with command clangd fallback\n[/home/noir/personal/probe/snake_c]\n/usr/bin/clang -resource-dir=/usr/lib/clang/19 -- /home/noir/personal/probe/snake_c/main.c\n"
[ERROR][2025-03-13 09:37:48] .../vim/lsp/rpc.lua:770	"rpc"	"/usr/sbin/clangd"	"stderr"	"I[09:37:48.786] --> textDocument/publishDiagnostics\n"
[ERROR][2025-03-13 09:37:48] .../vim/lsp/rpc.lua:770	"rpc"	"/usr/sbin/clangd"	"stderr"	"I[09:37:48.801] Built preamble of size 614728 for file /home/noir/personal/probe/snake_c/main.c version 234 in 0.02 seconds\n"
[ERROR][2025-03-13 09:37:48] .../vim/lsp/rpc.lua:770	"rpc"	"/usr/sbin/clangd"	"stderr"	"I[09:37:48.801] --> workspace/semanticTokens/refresh(5)\n"
[ERROR][2025-03-13 09:37:48] .../vim/lsp/rpc.lua:770	"rpc"	"/usr/sbin/clangd"	"stderr"	"I[09:37:48.801] <-- textDocument/semanticTokens/full/delta(11)\n"
[ERROR][2025-03-13 09:37:48] .../vim/lsp/rpc.lua:770	"rpc"	"/usr/sbin/clangd"	"stderr"	"I[09:37:48.801] <-- reply(5)\n"
[ERROR][2025-03-13 09:37:48] .../vim/lsp/rpc.lua:770	"rpc"	"/usr/sbin/clangd"	"stderr"	"I[09:37:48.807] --> textDocument/publishDiagnostics\n"
[ERROR][2025-03-13 09:37:48] .../vim/lsp/rpc.lua:770	"rpc"	"/usr/sbin/clangd"	"stderr"	"I[09:37:48.807] --> reply:textDocument/semanticTokens/full/delta(11) 6 ms\n"
[ERROR][2025-03-13 09:38:40] .../vim/lsp/rpc.lua:770	"rpc"	"/usr/sbin/clangd"	"stderr"	"I[09:38:40.359] <-- textDocument/formatting(12)\n"
[ERROR][2025-03-13 09:38:40] .../vim/lsp/rpc.lua:770	"rpc"	"/usr/sbin/clangd"	"stderr"	"I[09:38:40.362] --> reply:textDocument/formatting(12) 3 ms\n"
[ERROR][2025-03-13 09:38:40] .../vim/lsp/rpc.lua:770	"rpc"	"/usr/sbin/clangd"	"stderr"	"I[09:38:40.370] <-- textDocument/didSave\nI[09:38:40.370] File version went from 234 to 234\nI[09:38:40.370] <-- shutdown(13)\nI[09:38:40.370] --> reply:shutdown(13) 0 ms\n"
[START][2025-03-16 19:00:20] LSP logging initiated
[ERROR][2025-03-16 19:00:20] .../vim/lsp/rpc.lua:770	"rpc"	"/home/noir/.cargo/bin/rust-analyzer"	"stderr"	"2025-03-16T19:00:20.533497536+05:30 ERROR Unexpected type for `Struct` constructor: Str\n2025-03-16T19:00:20.535798741+05:30 ERROR uncaught type error: pattern <write_variant_name unsupported>(_ : {error}, _ : {error}) has inconsistent arity (expected arity <= 1)\n"
