2024-01-30 16:35:02 Loading main app package /usr/lib/obsidian/obsidian.asar
2024-01-30 16:35:02 Checking for update using Github
2024-01-30 16:35:03 Success.
2024-01-30 16:35:03 Latest version is 1.5.3
2024-01-30 16:35:03 App is up to date.
2024-01-30 17:35:02 Checking for update using Github
2024-01-30 17:35:03 Success.
2024-01-30 17:35:03 Latest version is 1.5.3
2024-01-30 17:35:03 App is up to date.
2024-01-31 04:20:19 Loading main app package /usr/lib/obsidian/obsidian.asar
2024-01-31 04:20:20 Checking for update using Github
2024-01-31 04:20:21 Success.
2024-01-31 04:20:21 Latest version is 1.5.3
2024-01-31 04:20:21 App is up to date.
2024-01-31 05:20:19 Checking for update using Github
2024-01-31 05:20:19 Success.
2024-01-31 05:20:19 Latest version is 1.5.3
2024-01-31 05:20:19 App is up to date.
2024-01-31 06:20:19 Checking for update using Github
2024-01-31 06:20:19 Success.
2024-01-31 06:20:19 Latest version is 1.5.3
2024-01-31 06:20:19 App is up to date.
2024-01-31 07:20:19 Checking for update using Github
2024-01-31 07:20:20 Success.
2024-01-31 07:20:20 Latest version is 1.5.3
2024-01-31 07:20:20 App is up to date.
2024-01-31 08:20:19 Checking for update using Github
2024-01-31 08:20:19 Success.
2024-01-31 08:20:19 Latest version is 1.5.3
2024-01-31 08:20:19 App is up to date.
2024-01-31 09:20:19 Checking for update using Github
2024-01-31 09:20:19 Success.
2024-01-31 09:20:19 Latest version is 1.5.3
2024-01-31 09:20:19 App is up to date.
2024-01-31 10:20:19 Checking for update using Github
2024-01-31 10:20:19 Success.
2024-01-31 10:20:19 Latest version is 1.5.3
2024-01-31 10:20:19 App is up to date.
2024-01-31 11:20:19 Checking for update using Github
2024-01-31 11:20:19 Success.
2024-01-31 11:20:19 Latest version is 1.5.3
2024-01-31 11:20:19 App is up to date.
2024-01-31 12:33:09 Checking for update using Github
2024-01-31 12:55:15 Loading main app package /usr/lib/obsidian/obsidian.asar
2024-01-31 12:55:16 Checking for update using Github
2024-01-31 12:55:17 Success.
2024-01-31 12:55:17 Latest version is 1.5.3
2024-01-31 12:55:17 App is up to date.
2024-01-31 12:55:46 Loading main app package /usr/lib/obsidian/obsidian.asar
2024-01-31 12:55:48 Checking for update using Github
2024-01-31 12:55:48 Success.
2024-01-31 12:55:48 Latest version is 1.5.3
2024-01-31 12:55:48 App is up to date.
2024-01-31 12:56:58 Loading main app package /usr/lib/obsidian/obsidian.asar
2024-01-31 12:56:59 Checking for update using Github
2024-01-31 12:56:59 Success.
2024-01-31 12:56:59 Latest version is 1.5.3
2024-01-31 12:56:59 App is up to date.
2024-01-31 15:26:21 Loading main app package /usr/lib/obsidian/obsidian.asar
2024-01-31 15:26:23 Checking for update using Github
2024-01-31 15:26:23 Success.
2024-01-31 15:26:23 Latest version is 1.5.3
2024-01-31 15:26:23 App is up to date.
2024-01-31 16:26:21 Checking for update using Github
2024-01-31 16:26:22 Success.
2024-01-31 16:26:22 Latest version is 1.5.3
2024-01-31 16:26:22 App is up to date.
2024-01-31 16:52:09 Loading main app package /usr/lib/obsidian/obsidian.asar
2024-01-31 16:52:11 Checking for update using Github
2024-01-31 16:52:11 Success.
2024-01-31 16:52:11 Latest version is 1.5.3
2024-01-31 16:52:11 App is up to date.
2024-01-31 19:06:22 Loading main app package /usr/lib/obsidian/obsidian.asar
2024-01-31 19:06:24 Checking for update using Github
2024-01-31 19:06:24 Success.
2024-01-31 19:06:24 Latest version is 1.5.3
2024-01-31 19:06:24 App is up to date.
2024-02-01 06:29:15 Loading main app package /usr/lib/obsidian/obsidian.asar
2024-02-01 06:29:17 Checking for update using Github
2024-02-01 06:29:17 Success.
2024-02-01 06:29:17 Latest version is 1.5.3
2024-02-01 06:29:17 App is up to date.
2024-02-01 08:18:17 Checking for update using Github
2024-02-01 08:18:18 Success.
2024-02-01 08:18:18 Latest version is 1.5.3
2024-02-01 08:18:18 App is up to date.
2024-02-01 09:54:31 Checking for update using Github
2024-02-01 09:54:31 Success.
2024-02-01 09:54:31 Latest version is 1.5.3
2024-02-01 09:54:31 App is up to date.
2024-02-01 10:54:31 Checking for update using Github
2024-02-01 10:54:31 Success.
2024-02-01 10:54:31 Latest version is 1.5.3
2024-02-01 10:54:31 App is up to date.
2024-02-01 11:54:31 Checking for update using Github
2024-02-01 11:54:32 Success.
2024-02-01 11:54:32 Latest version is 1.5.3
2024-02-01 11:54:32 App is up to date.
2024-02-01 12:54:31 Checking for update using Github
2024-02-01 12:54:32 Success.
2024-02-01 12:54:32 Latest version is 1.5.3
2024-02-01 12:54:32 App is up to date.
2024-02-01 13:54:31 Checking for update using Github
2024-02-01 13:54:32 Success.
2024-02-01 13:54:32 Latest version is 1.5.3
2024-02-01 13:54:32 App is up to date.
2024-02-01 14:54:31 Checking for update using Github
2024-02-01 14:54:32 Success.
2024-02-01 14:54:32 Latest version is 1.5.3
2024-02-01 14:54:32 App is up to date.
2024-02-01 15:54:32 Checking for update using Github
2024-02-01 15:54:32 Success.
2024-02-01 15:54:32 Latest version is 1.5.3
2024-02-01 15:54:32 App is up to date.
2024-02-01 16:54:32 Checking for update using Github
2024-02-01 16:54:32 Success.
2024-02-01 16:54:32 Latest version is 1.5.3
2024-02-01 16:54:32 App is up to date.
2024-02-01 17:54:32 Checking for update using Github
2024-02-01 17:54:32 Success.
2024-02-01 17:54:32 Latest version is 1.5.3
2024-02-01 17:54:32 App is up to date.
2024-02-01 18:54:32 Checking for update using Github
2024-02-01 18:54:32 Success.
2024-02-01 18:54:32 Latest version is 1.5.3
2024-02-01 18:54:32 App is up to date.
2024-02-01 19:54:32 Checking for update using Github
2024-02-01 19:54:32 Success.
2024-02-01 19:54:32 Latest version is 1.5.3
2024-02-01 19:54:32 App is up to date.
2024-02-01 20:54:32 Checking for update using Github
2024-02-01 20:54:32 Success.
2024-02-01 20:54:32 Latest version is 1.5.3
2024-02-01 20:54:32 App is up to date.
2024-02-01 21:54:32 Checking for update using Github
2024-02-01 21:54:32 Success.
2024-02-01 21:54:32 Latest version is 1.5.3
2024-02-01 21:54:32 App is up to date.
2024-02-01 22:54:32 Checking for update using Github
2024-02-01 22:54:32 Success.
2024-02-01 22:54:32 Latest version is 1.5.3
2024-02-01 22:54:32 App is up to date.
2024-02-01 23:54:32 Checking for update using Github
2024-02-01 23:54:32 Success.
2024-02-01 23:54:32 Latest version is 1.5.3
2024-02-01 23:54:32 App is up to date.
2024-02-02 00:54:32 Checking for update using Github
2024-02-02 00:54:33 Success.
2024-02-02 00:54:33 Latest version is 1.5.3
2024-02-02 00:54:33 App is up to date.
2024-02-02 01:54:32 Checking for update using Github
2024-02-02 01:54:33 Success.
2024-02-02 01:54:33 Latest version is 1.5.3
2024-02-02 01:54:33 App is up to date.
2024-02-02 02:54:32 Checking for update using Github
2024-02-02 02:54:33 Success.
2024-02-02 02:54:33 Latest version is 1.5.3
2024-02-02 02:54:33 App is up to date.
2024-02-02 03:54:32 Checking for update using Github
2024-02-02 03:54:33 Success.
2024-02-02 03:54:33 Latest version is 1.5.3
2024-02-02 03:54:33 App is up to date.
2024-02-02 04:54:32 Checking for update using Github
2024-02-02 04:54:33 Success.
2024-02-02 04:54:33 Latest version is 1.5.3
2024-02-02 04:54:33 App is up to date.
